<?xml version="1.0" encoding="UTF-8"?>
<testng-results skipped="0" failed="0" ignored="0" total="4" passed="4">
  <reporter-output>
  </reporter-output>
  <suite name="Default suite" duration-ms="156736" started-at="2022-01-18T12:24:28 IST" finished-at="2022-01-18T12:27:05 IST">
    <groups>
      <group name="cucumber">
        <method signature="AbstractTestNGCucumberTests.runScenario(io.cucumber.testng.PickleWrapper,io.cucumber.testng.FeatureWrapper)[pri:0, instance:runner.ready@3ecd23d9]" name="runScenario" class="io.cucumber.testng.AbstractTestNGCucumberTests"/>
      </group> <!-- cucumber -->
    </groups>
    <test name="Default test" duration-ms="156736" started-at="2022-01-18T12:24:28 IST" finished-at="2022-01-18T12:27:05 IST">
      <class name="runner.ready">
        <test-method status="PASS" signature="setUpClass()[pri:0, instance:runner.ready@3ecd23d9]" name="setUpClass" is-config="true" duration-ms="300" started-at="2022-01-18T12:24:28 IST" finished-at="2022-01-18T12:24:29 IST">
          <reporter-output>
          </reporter-output>
        </test-method> <!-- setUpClass -->
        <test-method status="PASS" signature="runScenario(io.cucumber.testng.PickleWrapper,io.cucumber.testng.FeatureWrapper)[pri:0, instance:runner.ready@3ecd23d9]" name="runScenario" duration-ms="39460" started-at="2022-01-18T12:24:29 IST" description="Runs Cucumber Scenarios" data-provider="scenarios" finished-at="2022-01-18T12:25:08 IST">
          <params>
            <param index="0">
              <value>
                <![CDATA["User able to login with valid crendtials only"]]>
              </value>
            </param>
            <param index="1">
              <value>
                <![CDATA["Optional[Login to the CGI application]"]]>
              </value>
            </param>
          </params>
          <reporter-output>
          </reporter-output>
        </test-method> <!-- runScenario -->
        <test-method status="PASS" signature="runScenario(io.cucumber.testng.PickleWrapper,io.cucumber.testng.FeatureWrapper)[pri:0, instance:runner.ready@3ecd23d9]" name="runScenario" duration-ms="34554" started-at="2022-01-18T12:25:08 IST" description="Runs Cucumber Scenarios" data-provider="scenarios" finished-at="2022-01-18T12:25:43 IST">
          <params>
            <param index="0">
              <value>
                <![CDATA["User able to login with valid crendtials only"]]>
              </value>
            </param>
            <param index="1">
              <value>
                <![CDATA["Optional[Login to the CGI application]"]]>
              </value>
            </param>
          </params>
          <reporter-output>
          </reporter-output>
        </test-method> <!-- runScenario -->
        <test-method status="PASS" signature="runScenario(io.cucumber.testng.PickleWrapper,io.cucumber.testng.FeatureWrapper)[pri:0, instance:runner.ready@3ecd23d9]" name="runScenario" duration-ms="36518" started-at="2022-01-18T12:25:43 IST" description="Runs Cucumber Scenarios" data-provider="scenarios" finished-at="2022-01-18T12:26:19 IST">
          <params>
            <param index="0">
              <value>
                <![CDATA["User able to login with valid crendtials only"]]>
              </value>
            </param>
            <param index="1">
              <value>
                <![CDATA["Optional[Login to the CGI application]"]]>
              </value>
            </param>
          </params>
          <reporter-output>
          </reporter-output>
        </test-method> <!-- runScenario -->
        <test-method status="PASS" signature="runScenario(io.cucumber.testng.PickleWrapper,io.cucumber.testng.FeatureWrapper)[pri:0, instance:runner.ready@3ecd23d9]" name="runScenario" duration-ms="45852" started-at="2022-01-18T12:26:19 IST" description="Runs Cucumber Scenarios" data-provider="scenarios" finished-at="2022-01-18T12:27:05 IST">
          <params>
            <param index="0">
              <value>
                <![CDATA["User able to login with valid crendtials only"]]>
              </value>
            </param>
            <param index="1">
              <value>
                <![CDATA["Optional[Login to the CGI application]"]]>
              </value>
            </param>
          </params>
          <reporter-output>
          </reporter-output>
        </test-method> <!-- runScenario -->
        <test-method status="PASS" signature="tearDownClass()[pri:0, instance:runner.ready@3ecd23d9]" name="tearDownClass" is-config="true" duration-ms="9" started-at="2022-01-18T12:27:05 IST" finished-at="2022-01-18T12:27:05 IST">
          <reporter-output>
          </reporter-output>
        </test-method> <!-- tearDownClass -->
      </class> <!-- runner.ready -->
    </test> <!-- Default test -->
  </suite> <!-- Default suite -->
</testng-results>
